#-----------------------------------------------------------
# Vivado v2024.1 (64-bit)
# SW Build 5076996 on Wed May 22 18:36:09 MDT 2024
# IP Build 5075265 on Wed May 22 21:45:21 MDT 2024
# SharedData Build 5076995 on Wed May 22 18:29:18 MDT 2024
# Start of session at: Sat Aug 24 21:49:24 2024
# Process ID: 299819
# Current directory: /home/tony/Source/mega65/sharp-mz-mega65/CORE/vhdl/ROMS
# Command line: vivado
# Log file: /home/tony/Source/mega65/sharp-mz-mega65/CORE/vhdl/ROMS/vivado.log
# Journal file: /home/tony/Source/mega65/sharp-mz-mega65/CORE/vhdl/ROMS/vivado.jou
# Running On        :tony-beast
# Platform          :Linuxmint
# Operating System  :Linux Mint 21.3
# Processor Detail  :AMD Ryzen 9 7950X3D 16-Core Processor
# CPU Frequency     :400.000 MHz
# CPU Physical cores:16
# CPU Logical cores :32
# Host memory       :66474 MB
# Swap memory       :34358 MB
# Total Virtual     :100833 MB
# Available Virtual :89995 MB
#-----------------------------------------------------------
start_gui
WARNING: [Board 49-26] cannot add Board Part xilinx.com:k24c:part0:1.0 available at /opt/Xilinx/Vivado/2024.1/data/xhub/boards/XilinxBoardStore/boards/Xilinx/k24c/1.0/board.xml as part xck24-ubva530-2lv-c specified in board_part file is either invalid or not available
WARNING: [Board 49-26] cannot add Board Part xilinx.com:k24i:part0:1.0 available at /opt/Xilinx/Vivado/2024.1/data/xhub/boards/XilinxBoardStore/boards/Xilinx/k24i/1.0/board.xml as part xck24-ubva530-2lvi-i specified in board_part file is either invalid or not available
WARNING: [Board 49-26] cannot add Board Part xilinx.com:k26c:part0:1.2 available at /opt/Xilinx/Vivado/2024.1/data/xhub/boards/XilinxBoardStore/boards/Xilinx/k26c/1.2/board.xml as part xck26-sfvc784-2lv-c specified in board_part file is either invalid or not available
WARNING: [Board 49-26] cannot add Board Part xilinx.com:k26c:part0:1.3 available at /opt/Xilinx/Vivado/2024.1/data/xhub/boards/XilinxBoardStore/boards/Xilinx/k26c/1.3/board.xml as part xck26-sfvc784-2lv-c specified in board_part file is either invalid or not available
WARNING: [Board 49-26] cannot add Board Part xilinx.com:k26c:part0:1.4 available at /opt/Xilinx/Vivado/2024.1/data/xhub/boards/XilinxBoardStore/boards/Xilinx/k26c/1.4/board.xml as part xck26-sfvc784-2lv-c specified in board_part file is either invalid or not available
WARNING: [Board 49-26] cannot add Board Part xilinx.com:k26i:part0:1.2 available at /opt/Xilinx/Vivado/2024.1/data/xhub/boards/XilinxBoardStore/boards/Xilinx/k26i/1.2/board.xml as part xck26-sfvc784-2lvi-i specified in board_part file is either invalid or not available
WARNING: [Board 49-26] cannot add Board Part xilinx.com:k26i:part0:1.3 available at /opt/Xilinx/Vivado/2024.1/data/xhub/boards/XilinxBoardStore/boards/Xilinx/k26i/1.3/board.xml as part xck26-sfvc784-2lvi-i specified in board_part file is either invalid or not available
WARNING: [Board 49-26] cannot add Board Part xilinx.com:k26i:part0:1.4 available at /opt/Xilinx/Vivado/2024.1/data/xhub/boards/XilinxBoardStore/boards/Xilinx/k26i/1.4/board.xml as part xck26-sfvc784-2lvi-i specified in board_part file is either invalid or not available
WARNING: [Board 49-26] cannot add Board Part xilinx.com:kc705:part0:1.6 available at /opt/Xilinx/Vivado/2024.1/data/xhub/boards/XilinxBoardStore/boards/Xilinx/kc705/1.6/board.xml as part xc7k325tffg900-2 specified in board_part file is either invalid or not available
WARNING: [Board 49-26] cannot add Board Part xilinx.com:kcu105:part0:1.6 available at /opt/Xilinx/Vivado/2024.1/data/xhub/boards/XilinxBoardStore/boards/Xilinx/kcu105/1.6/board.xml as part xcku040-ffva1156-2-e specified in board_part file is either invalid or not available
WARNING: [Board 49-26] cannot add Board Part xilinx.com:kcu105:part0:1.7 available at /opt/Xilinx/Vivado/2024.1/data/xhub/boards/XilinxBoardStore/boards/Xilinx/kcu105/1.7/board.xml as part xcku040-ffva1156-2-e specified in board_part file is either invalid or not available
WARNING: [Board 49-26] cannot add Board Part xilinx.com:kcu116:part0:1.4 available at /opt/Xilinx/Vivado/2024.1/data/xhub/boards/XilinxBoardStore/boards/Xilinx/kcu116/1.4/board.xml as part xcku5p-ffvb676-2-e specified in board_part file is either invalid or not available
WARNING: [Board 49-26] cannot add Board Part xilinx.com:kcu116:part0:1.5 available at /opt/Xilinx/Vivado/2024.1/data/xhub/boards/XilinxBoardStore/boards/Xilinx/kcu116/1.5/board.xml as part xcku5p-ffvb676-2-e specified in board_part file is either invalid or not available
WARNING: [Board 49-26] cannot add Board Part xilinx.com:kcu1500:part0:1.2 available at /opt/Xilinx/Vivado/2024.1/data/xhub/boards/XilinxBoardStore/boards/Xilinx/kcu1500/1.2/board.xml as part xcku115-flvb2104-2-e specified in board_part file is either invalid or not available
WARNING: [Board 49-26] cannot add Board Part xilinx.com:kd240_som:part0:1.0 available at /opt/Xilinx/Vivado/2024.1/data/xhub/boards/XilinxBoardStore/boards/Xilinx/kd240_som/1.0/board.xml as part xck24-ubva530-2lv-c specified in board_part file is either invalid or not available
WARNING: [Board 49-26] cannot add Board Part xilinx.com:kr260_som:part0:1.0 available at /opt/Xilinx/Vivado/2024.1/data/xhub/boards/XilinxBoardStore/boards/Xilinx/kr260_som/1.0/board.xml as part xck26-sfvc784-2lv-c specified in board_part file is either invalid or not available
WARNING: [Board 49-26] cannot add Board Part xilinx.com:kr260_som:part0:1.1 available at /opt/Xilinx/Vivado/2024.1/data/xhub/boards/XilinxBoardStore/boards/Xilinx/kr260_som/1.1/board.xml as part xck26-sfvc784-2lv-c specified in board_part file is either invalid or not available
WARNING: [Board 49-26] cannot add Board Part xilinx.com:kv260_som:part0:1.2 available at /opt/Xilinx/Vivado/2024.1/data/xhub/boards/XilinxBoardStore/boards/Xilinx/kv260_som/1.2/board.xml as part xck26-sfvc784-2lv-c specified in board_part file is either invalid or not available
WARNING: [Board 49-26] cannot add Board Part xilinx.com:kv260_som:part0:1.3 available at /opt/Xilinx/Vivado/2024.1/data/xhub/boards/XilinxBoardStore/boards/Xilinx/kv260_som/1.3/board.xml as part xck26-sfvc784-2lv-c specified in board_part file is either invalid or not available
WARNING: [Board 49-26] cannot add Board Part xilinx.com:kv260_som:part0:1.4 available at /opt/Xilinx/Vivado/2024.1/data/xhub/boards/XilinxBoardStore/boards/Xilinx/kv260_som/1.4/board.xml as part xck26-sfvc784-2lv-c specified in board_part file is either invalid or not available
WARNING: [Board 49-26] cannot add Board Part xilinx.com:vc707:part0:1.4 available at /opt/Xilinx/Vivado/2024.1/data/xhub/boards/XilinxBoardStore/boards/Xilinx/vc707/1.4/board.xml as part xc7vx485tffg1761-2 specified in board_part file is either invalid or not available
WARNING: [Board 49-26] cannot add Board Part xilinx.com:vc709:part0:1.8 available at /opt/Xilinx/Vivado/2024.1/data/xhub/boards/XilinxBoardStore/boards/Xilinx/vc709/1.8/board.xml as part xc7vx690tffg1761-2 specified in board_part file is either invalid or not available
WARNING: [Board 49-26] cannot add Board Part xilinx.com:vck190:part0:2.2 available at /opt/Xilinx/Vivado/2024.1/data/xhub/boards/XilinxBoardStore/boards/Xilinx/vck190/production/2.2/board.xml as part xcvc1902-vsva2197-2mp-e-s specified in board_part file is either invalid or not available
WARNING: [Board 49-26] cannot add Board Part xilinx.com:vck190:part0:3.0 available at /opt/Xilinx/Vivado/2024.1/data/xhub/boards/XilinxBoardStore/boards/Xilinx/vck190/production/3.0/board.xml as part xcvc1902-vsva2197-2mp-e-s specified in board_part file is either invalid or not available
WARNING: [Board 49-26] cannot add Board Part xilinx.com:vck190:part0:3.1 available at /opt/Xilinx/Vivado/2024.1/data/xhub/boards/XilinxBoardStore/boards/Xilinx/vck190/production/3.1/board.xml as part xcvc1902-vsva2197-2mp-e-s specified in board_part file is either invalid or not available
WARNING: [Board 49-26] cannot add Board Part xilinx.com:vck190:part0:3.2 available at /opt/Xilinx/Vivado/2024.1/data/xhub/boards/XilinxBoardStore/boards/Xilinx/vck190/production/3.2/board.xml as part xcvc1902-vsva2197-2mp-e-s specified in board_part file is either invalid or not available
WARNING: [Board 49-26] cannot add Board Part xilinx.com:vck190:part0:3.3 available at /opt/Xilinx/Vivado/2024.1/data/xhub/boards/XilinxBoardStore/boards/Xilinx/vck190/production/3.3/board.xml as part xcvc1902-vsva2197-2mp-e-s specified in board_part file is either invalid or not available
WARNING: [Board 49-26] cannot add Board Part xilinx.com:vck190_newl:part0:1.0 available at /opt/Xilinx/Vivado/2024.1/data/xhub/boards/XilinxBoardStore/boards/Xilinx/vck190_newl/production/1.0/board.xml as part xcvc1902-vsva2197-2mp-e-s specified in board_part file is either invalid or not available
WARNING: [Board 49-26] cannot add Board Part xilinx.com:vck190_newl:part0:1.1 available at /opt/Xilinx/Vivado/2024.1/data/xhub/boards/XilinxBoardStore/boards/Xilinx/vck190_newl/production/1.1/board.xml as part xcvc1902-vsva2197-2mp-e-s specified in board_part file is either invalid or not available
WARNING: [Board 49-26] cannot add Board Part xilinx.com:vck190_newl:part0:1.2 available at /opt/Xilinx/Vivado/2024.1/data/xhub/boards/XilinxBoardStore/boards/Xilinx/vck190_newl/production/1.2/board.xml as part xcvc1902-vsva2197-2mp-e-s specified in board_part file is either invalid or not available
WARNING: [Board 49-26] cannot add Board Part xilinx.com:vcu108:part0:1.6 available at /opt/Xilinx/Vivado/2024.1/data/xhub/boards/XilinxBoardStore/boards/Xilinx/vcu108/1.6/board.xml as part xcvu095-ffva2104-2-e specified in board_part file is either invalid or not available
WARNING: [Board 49-26] cannot add Board Part xilinx.com:vcu108:part0:1.7 available at /opt/Xilinx/Vivado/2024.1/data/xhub/boards/XilinxBoardStore/boards/Xilinx/vcu108/1.7/board.xml as part xcvu095-ffva2104-2-e specified in board_part file is either invalid or not available
WARNING: [Board 49-26] cannot add Board Part xilinx.com:vcu110:part0:1.4 available at /opt/Xilinx/Vivado/2024.1/data/xhub/boards/XilinxBoardStore/boards/Xilinx/vcu110/1.4/board.xml as part xcvu190-flgc2104-2-e specified in board_part file is either invalid or not available
WARNING: [Board 49-26] cannot add Board Part xilinx.com:vcu118:part0:2.0 available at /opt/Xilinx/Vivado/2024.1/data/xhub/boards/XilinxBoardStore/boards/Xilinx/vcu118/2.0/board.xml as part xcvu9p-flga2104-2l-e specified in board_part file is either invalid or not available
WARNING: [Board 49-26] cannot add Board Part xilinx.com:vcu118:part0:2.3 available at /opt/Xilinx/Vivado/2024.1/data/xhub/boards/XilinxBoardStore/boards/Xilinx/vcu118/2.3/board.xml as part xcvu9p-flga2104-2l-e specified in board_part file is either invalid or not available
WARNING: [Board 49-26] cannot add Board Part xilinx.com:vcu118:part0:2.4 available at /opt/Xilinx/Vivado/2024.1/data/xhub/boards/XilinxBoardStore/boards/Xilinx/vcu118/2.4/board.xml as part xcvu9p-flga2104-2l-e specified in board_part file is either invalid or not available
WARNING: [Board 49-26] cannot add Board Part xilinx.com:vcu128:part0:1.0 available at /opt/Xilinx/Vivado/2024.1/data/xhub/boards/XilinxBoardStore/boards/Xilinx/vcu128/production/1.0/board.xml as part xcvu37p-fsvh2892-2l-e specified in board_part file is either invalid or not available
WARNING: [Board 49-26] cannot add Board Part xilinx.com:vcu129:part0:1.0 available at /opt/Xilinx/Vivado/2024.1/data/xhub/boards/XilinxBoardStore/boards/Xilinx/vcu129/production/1.0/board.xml as part xcvu29p-fsga2577-2l-e specified in board_part file is either invalid or not available
WARNING: [Board 49-26] cannot add Board Part xilinx.com:vcu1525:part0:1.3 available at /opt/Xilinx/Vivado/2024.1/data/xhub/boards/XilinxBoardStore/boards/Xilinx/vcu1525/1.3/board.xml as part xcvu9p-fsgd2104-2l-e specified in board_part file is either invalid or not available
WARNING: [Board 49-26] cannot add Board Part xilinx.com:vek280:part0:1.0 available at /opt/Xilinx/Vivado/2024.1/data/xhub/boards/XilinxBoardStore/boards/Xilinx/vek280/production/1.0/board.xml as part xcve2802-vsvh1760-2mp-e-s specified in board_part file is either invalid or not available
WARNING: [Board 49-26] cannot add Board Part xilinx.com:vek280:part0:1.1 available at /opt/Xilinx/Vivado/2024.1/data/xhub/boards/XilinxBoardStore/boards/Xilinx/vek280/production/1.1/board.xml as part xcve2802-vsvh1760-2mp-e-s specified in board_part file is either invalid or not available
WARNING: [Board 49-26] cannot add Board Part xilinx.com:vek280:part0:1.2 available at /opt/Xilinx/Vivado/2024.1/data/xhub/boards/XilinxBoardStore/boards/Xilinx/vek280/production/1.2/board.xml as part xcve2802-vsvh1760-2mp-e-s specified in board_part file is either invalid or not available
WARNING: [Board 49-26] cannot add Board Part xilinx.com:vek280_es:part0:1.0 available at /opt/Xilinx/Vivado/2024.1/data/xhub/boards/XilinxBoardStore/boards/Xilinx/vek280/es/rev_a/1.0/board.xml as part xcve2802-vsvh1760-2lp-e-s-es1 specified in board_part file is either invalid or not available
WARNING: [Board 49-26] cannot add Board Part xilinx.com:vek280_es:part0:1.1 available at /opt/Xilinx/Vivado/2024.1/data/xhub/boards/XilinxBoardStore/boards/Xilinx/vek280/es/rev_a/1.1/board.xml as part xcve2802-vsvh1760-2lp-e-s-es1 specified in board_part file is either invalid or not available
WARNING: [Board 49-26] cannot add Board Part xilinx.com:vek280_es_revb:part0:1.0 available at /opt/Xilinx/Vivado/2024.1/data/xhub/boards/XilinxBoardStore/boards/Xilinx/vek280/es/rev_b/1.0/board.xml as part xcve2802-vsvh1760-2mp-e-s-es1 specified in board_part file is either invalid or not available
WARNING: [Board 49-26] cannot add Board Part xilinx.com:vek280_es_revb:part0:1.1 available at /opt/Xilinx/Vivado/2024.1/data/xhub/boards/XilinxBoardStore/boards/Xilinx/vek280/es/rev_b/1.1/board.xml as part xcve2802-vsvh1760-2mp-e-s-es1 specified in board_part file is either invalid or not available
WARNING: [Board 49-26] cannot add Board Part xilinx.com:vermeo_t1_mpsoc:part0:1.0 available at /opt/Xilinx/Vivado/2024.1/data/xhub/boards/XilinxBoardStore/boards/Xilinx/vermeo_t1_mpsoc/1.0/board.xml as part xczu19eg-ffvd1760-2l-e specified in board_part file is either invalid or not available
WARNING: [Board 49-26] cannot add Board Part xilinx.com:vermeo_t1_rfsoc:part0:1.0 available at /opt/Xilinx/Vivado/2024.1/data/xhub/boards/XilinxBoardStore/boards/Xilinx/vermeo_t1_rfsoc/1.0/board.xml as part xczu21dr-ffvd1156-2l-e specified in board_part file is either invalid or not available
WARNING: [Board 49-26] cannot add Board Part xilinx.com:vhk158:part0:1.0 available at /opt/Xilinx/Vivado/2024.1/data/xhub/boards/XilinxBoardStore/boards/Xilinx/vhk158/production/1.0/board.xml as part xcvh1582-vsva3697-2mp-e-s specified in board_part file is either invalid or not available
WARNING: [Board 49-26] cannot add Board Part xilinx.com:vhk158:part0:1.1 available at /opt/Xilinx/Vivado/2024.1/data/xhub/boards/XilinxBoardStore/boards/Xilinx/vhk158/production/1.1/board.xml as part xcvh1582-vsva3697-2mp-e-s specified in board_part file is either invalid or not available
WARNING: [Board 49-26] cannot add Board Part xilinx.com:vhk158_es:part0:1.0 available at /opt/Xilinx/Vivado/2024.1/data/xhub/boards/XilinxBoardStore/boards/Xilinx/vhk158/es/1.0/board.xml as part xcvh1582-vsva3697-2mp-e-s-es1 specified in board_part file is either invalid or not available
WARNING: [Board 49-26] cannot add Board Part xilinx.com:vhk158_es:part0:1.1 available at /opt/Xilinx/Vivado/2024.1/data/xhub/boards/XilinxBoardStore/boards/Xilinx/vhk158/es/1.1/board.xml as part xcvh1582-vsva3697-2mp-e-s-es1 specified in board_part file is either invalid or not available
WARNING: [Board 49-26] cannot add Board Part xilinx.com:vmk180:part0:2.2 available at /opt/Xilinx/Vivado/2024.1/data/xhub/boards/XilinxBoardStore/boards/Xilinx/vmk180/production/2.2/board.xml as part xcvm1802-vsva2197-2mp-e-s specified in board_part file is either invalid or not available
WARNING: [Board 49-26] cannot add Board Part xilinx.com:vmk180:part0:3.0 available at /opt/Xilinx/Vivado/2024.1/data/xhub/boards/XilinxBoardStore/boards/Xilinx/vmk180/production/3.0/board.xml as part xcvm1802-vsva2197-2mp-e-s specified in board_part file is either invalid or not available
WARNING: [Board 49-26] cannot add Board Part xilinx.com:vmk180:part0:3.1 available at /opt/Xilinx/Vivado/2024.1/data/xhub/boards/XilinxBoardStore/boards/Xilinx/vmk180/production/3.1/board.xml as part xcvm1802-vsva2197-2mp-e-s specified in board_part file is either invalid or not available
WARNING: [Board 49-26] cannot add Board Part xilinx.com:vmk180:part0:3.2 available at /opt/Xilinx/Vivado/2024.1/data/xhub/boards/XilinxBoardStore/boards/Xilinx/vmk180/production/3.2/board.xml as part xcvm1802-vsva2197-2mp-e-s specified in board_part file is either invalid or not available
WARNING: [Board 49-26] cannot add Board Part xilinx.com:vmk180_newl:part0:1.0 available at /opt/Xilinx/Vivado/2024.1/data/xhub/boards/XilinxBoardStore/boards/Xilinx/vmk180_newl/production/1.0/board.xml as part xcvm1802-vsva2197-2mp-e-s specified in board_part file is either invalid or not available
WARNING: [Board 49-26] cannot add Board Part xilinx.com:vmk180_newl:part0:1.1 available at /opt/Xilinx/Vivado/2024.1/data/xhub/boards/XilinxBoardStore/boards/Xilinx/vmk180_newl/production/1.1/board.xml as part xcvm1802-vsva2197-2mp-e-s specified in board_part file is either invalid or not available
WARNING: [Board 49-26] cannot add Board Part xilinx.com:vpk120:part0:1.0 available at /opt/Xilinx/Vivado/2024.1/data/xhub/boards/XilinxBoardStore/boards/Xilinx/vpk120/production/1.0/board.xml as part xcvp1202-vsva2785-2mp-e-s specified in board_part file is either invalid or not available
WARNING: [Board 49-26] cannot add Board Part xilinx.com:vpk120:part0:1.1 available at /opt/Xilinx/Vivado/2024.1/data/xhub/boards/XilinxBoardStore/boards/Xilinx/vpk120/production/1.1/board.xml as part xcvp1202-vsva2785-2mp-e-s specified in board_part file is either invalid or not available
WARNING: [Board 49-26] cannot add Board Part xilinx.com:vpk120:part0:1.2 available at /opt/Xilinx/Vivado/2024.1/data/xhub/boards/XilinxBoardStore/boards/Xilinx/vpk120/production/1.2/board.xml as part xcvp1202-vsva2785-2mp-e-s specified in board_part file is either invalid or not available
WARNING: [Board 49-26] cannot add Board Part xilinx.com:vpk180:part0:1.0 available at /opt/Xilinx/Vivado/2024.1/data/xhub/boards/XilinxBoardStore/boards/Xilinx/vpk180/production/1.0/board.xml as part xcvp1802-lsvc4072-2mp-e-s specified in board_part file is either invalid or not available
WARNING: [Board 49-26] cannot add Board Part xilinx.com:vpk180:part0:1.1 available at /opt/Xilinx/Vivado/2024.1/data/xhub/boards/XilinxBoardStore/boards/Xilinx/vpk180/production/1.1/board.xml as part xcvp1802-lsvc4072-2mp-e-s specified in board_part file is either invalid or not available
WARNING: [Board 49-26] cannot add Board Part xilinx.com:vpk180:part0:1.2 available at /opt/Xilinx/Vivado/2024.1/data/xhub/boards/XilinxBoardStore/boards/Xilinx/vpk180/production/1.2/board.xml as part xcvp1802-lsvc4072-2mp-e-s specified in board_part file is either invalid or not available
WARNING: [Board 49-26] cannot add Board Part xilinx.com:zc702:part0:1.4 available at /opt/Xilinx/Vivado/2024.1/data/xhub/boards/XilinxBoardStore/boards/Xilinx/zc702/1.4/board.xml as part xc7z020clg484-1 specified in board_part file is either invalid or not available
WARNING: [Board 49-26] cannot add Board Part xilinx.com:zc706:part0:1.4 available at /opt/Xilinx/Vivado/2024.1/data/xhub/boards/XilinxBoardStore/boards/Xilinx/zc706/1.4/board.xml as part xc7z045ffg900-2 specified in board_part file is either invalid or not available
WARNING: [Board 49-26] cannot add Board Part xilinx.com:zcu102:part0:3.3 available at /opt/Xilinx/Vivado/2024.1/data/xhub/boards/XilinxBoardStore/boards/Xilinx/zcu102/3.3/board.xml as part xczu9eg-ffvb1156-2-e specified in board_part file is either invalid or not available
WARNING: [Board 49-26] cannot add Board Part xilinx.com:zcu102:part0:3.4 available at /opt/Xilinx/Vivado/2024.1/data/xhub/boards/XilinxBoardStore/boards/Xilinx/zcu102/3.4/board.xml as part xczu9eg-ffvb1156-2-e specified in board_part file is either invalid or not available
WARNING: [Board 49-26] cannot add Board Part xilinx.com:zcu104:part0:1.1 available at /opt/Xilinx/Vivado/2024.1/data/xhub/boards/XilinxBoardStore/boards/Xilinx/zcu104/1.1/board.xml as part xczu7ev-ffvc1156-2-e specified in board_part file is either invalid or not available
WARNING: [Board 49-26] cannot add Board Part xilinx.com:zcu106:part0:2.4 available at /opt/Xilinx/Vivado/2024.1/data/xhub/boards/XilinxBoardStore/boards/Xilinx/zcu106/2.4/board.xml as part xczu7ev-ffvc1156-2-e specified in board_part file is either invalid or not available
WARNING: [Board 49-26] cannot add Board Part xilinx.com:zcu106:part0:2.5 available at /opt/Xilinx/Vivado/2024.1/data/xhub/boards/XilinxBoardStore/boards/Xilinx/zcu106/2.5/board.xml as part xczu7ev-ffvc1156-2-e specified in board_part file is either invalid or not available
WARNING: [Board 49-26] cannot add Board Part xilinx.com:zcu106:part0:2.6 available at /opt/Xilinx/Vivado/2024.1/data/xhub/boards/XilinxBoardStore/boards/Xilinx/zcu106/2.6/board.xml as part xczu7ev-ffvc1156-2-e specified in board_part file is either invalid or not available
WARNING: [Board 49-26] cannot add Board Part xilinx.com:zcu111:part0:1.2 available at /opt/Xilinx/Vivado/2024.1/data/xhub/boards/XilinxBoardStore/boards/Xilinx/zcu111/1.2/board.xml as part xczu28dr-ffvg1517-2-e specified in board_part file is either invalid or not available
WARNING: [Board 49-26] cannot add Board Part xilinx.com:zcu111:part0:1.3 available at /opt/Xilinx/Vivado/2024.1/data/xhub/boards/XilinxBoardStore/boards/Xilinx/zcu111/1.3/board.xml as part xczu28dr-ffvg1517-2-e specified in board_part file is either invalid or not available
WARNING: [Board 49-26] cannot add Board Part xilinx.com:zcu111:part0:1.4 available at /opt/Xilinx/Vivado/2024.1/data/xhub/boards/XilinxBoardStore/boards/Xilinx/zcu111/1.4/board.xml as part xczu28dr-ffvg1517-2-e specified in board_part file is either invalid or not available
WARNING: [Board 49-26] cannot add Board Part xilinx.com:zcu1275:part0:1.0 available at /opt/Xilinx/Vivado/2024.1/data/xhub/boards/XilinxBoardStore/boards/Xilinx/zcu1275/1.0/board.xml as part xczu29dr-ffvf1760-2-e specified in board_part file is either invalid or not available
WARNING: [Board 49-26] cannot add Board Part xilinx.com:zcu1285:part0:1.0 available at /opt/Xilinx/Vivado/2024.1/data/xhub/boards/XilinxBoardStore/boards/Xilinx/zcu1285/1.0/board.xml as part xczu39dr-ffvf1760-2-i specified in board_part file is either invalid or not available
WARNING: [Board 49-26] cannot add Board Part xilinx.com:zcu208:part0:2.0 available at /opt/Xilinx/Vivado/2024.1/data/xhub/boards/XilinxBoardStore/boards/Xilinx/zcu208/production/2.0/board.xml as part xczu48dr-fsvg1517-2-e specified in board_part file is either invalid or not available
WARNING: [Board 49-26] cannot add Board Part xilinx.com:zcu208ld:part0:2.0 available at /opt/Xilinx/Vivado/2024.1/data/xhub/boards/XilinxBoardStore/boards/Xilinx/zcu208ld/production/2.0/board.xml as part xczu58dr-fsvg1517-2-i specified in board_part file is either invalid or not available
WARNING: [Board 49-26] cannot add Board Part xilinx.com:zcu216:part0:2.0 available at /opt/Xilinx/Vivado/2024.1/data/xhub/boards/XilinxBoardStore/boards/Xilinx/zcu216/production/2.0/board.xml as part xczu49dr-ffvf1760-2-e specified in board_part file is either invalid or not available
WARNING: [Board 49-26] cannot add Board Part xilinx.com:zcu216ld:part0:2.0 available at /opt/Xilinx/Vivado/2024.1/data/xhub/boards/XilinxBoardStore/boards/Xilinx/zcu216ld/production/2.0/board.xml as part xczu59dr-ffvf1760-2-i specified in board_part file is either invalid or not available
WARNING: [Board 49-26] cannot add Board Part xilinx.com:zcu670:part0:2.0 available at /opt/Xilinx/Vivado/2024.1/data/xhub/boards/XilinxBoardStore/boards/Xilinx/zcu670/2.0/board.xml as part xczu67dr-fsve1156-2-i specified in board_part file is either invalid or not available
WARNING: [Board 49-26] cannot add Board Part xilinx.com:zcu670ld:part0:1.0 available at /opt/Xilinx/Vivado/2024.1/data/xhub/boards/XilinxBoardStore/boards/Xilinx/zcu670ld/1.0/board.xml as part xczu57dr-fsve1156-2-i specified in board_part file is either invalid or not available
open_project /home/tony/Source/mega65/sharp-mz-mega65/CORE/CORE-R6.xpr
Scanning sources...
Finished scanning sources
INFO: [IP_Flow 19-234] Refreshing IP repositories
INFO: [IP_Flow 19-1704] No user IP repositories specified
INFO: [IP_Flow 19-2313] Loaded Vivado IP repository '/opt/Xilinx/Vivado/2024.1/data/ip'.
update_compile_order -fileset sources_1
WARNING: [IP_Flow 19-4067] Ignoring invalid widget type specified checkbox.Providing a default widget
WARNING: [IP_Flow 19-4067] Ignoring invalid widget type specified checkbox.Providing a default widget
INFO: [IP_Flow 19-3484] Absolute path of file '/home/tony/Source/mega65/sharp-mz-mega65/CORE/vhdl/TERMINAL/cga_font_bold.coe' provided. It will be converted relative to IP Instance files '../../../../../TERMINAL/cga_font_bold.coe'
INFO: [IP_Flow 19-3484] Absolute path of file '/home/tony/Source/mega65/sharp-mz-mega65/CORE/vhdl/TERMINAL/cga_font_bold.coe' provided. It will be converted relative to IP Instance files '../../../../../TERMINAL/cga_font_bold.coe'
create_ip -name blk_mem_gen -vendor xilinx.com -library ip -version 8.4 -module_name cga_font_bold
set_property -dict [list \
  CONFIG.Coe_File {/home/tony/Source/mega65/sharp-mz-mega65/CORE/vhdl/TERMINAL/cga_font_bold.coe} \
  CONFIG.Enable_A {Always_Enabled} \
  CONFIG.Fill_Remaining_Memory_Locations {true} \
  CONFIG.Load_Init_File {true} \
  CONFIG.Memory_Type {Single_Port_ROM} \
  CONFIG.Write_Depth_A {2048} \
  CONFIG.Write_Width_A {8} \
] [get_ips cga_font_bold]
INFO: [IP_Flow 19-3484] Absolute path of file '/home/tony/Source/mega65/sharp-mz-mega65/CORE/vhdl/TERMINAL/cga_font_bold.coe' provided. It will be converted relative to IP Instance files '../../../../vhdl/TERMINAL/cga_font_bold.coe'
generate_target {instantiation_template} [get_files /home/tony/Source/mega65/sharp-mz-mega65/CORE/CORE-R6.srcs/sources_1/ip/cga_font_bold/cga_font_bold.xci]
INFO: [IP_Flow 19-1686] Generating 'Instantiation Template' target for IP 'cga_font_bold'...
update_compile_order -fileset sources_1
generate_target all [get_files  /home/tony/Source/mega65/sharp-mz-mega65/CORE/CORE-R6.srcs/sources_1/ip/cga_font_bold/cga_font_bold.xci]
INFO: [IP_Flow 19-1686] Generating 'Synthesis' target for IP 'cga_font_bold'...
INFO: [IP_Flow 19-1686] Generating 'Simulation' target for IP 'cga_font_bold'...
INFO: [IP_Flow 19-1686] Generating 'Miscellaneous' target for IP 'cga_font_bold'...
INFO: [IP_Flow 19-1686] Generating 'Change Log' target for IP 'cga_font_bold'...
catch { config_ip_cache -export [get_ips -all cga_font_bold] }
INFO: [IP_Flow 19-6924] IPCACHE: Running cache check for IP inst: cga_font_bold
export_ip_user_files -of_objects [get_files /home/tony/Source/mega65/sharp-mz-mega65/CORE/CORE-R6.srcs/sources_1/ip/cga_font_bold/cga_font_bold.xci] -no_script -sync -force -quiet
INFO: [Vivado 12-23855] The given sub-design is auto disabled, no action will be taken: '/home/tony/Source/mega65/sharp-mz-mega65/CORE/CORE-R6.srcs/sources_1/ip/cga_font_bold/cga_font_bold.xci'
export_simulation -of_objects [get_files /home/tony/Source/mega65/sharp-mz-mega65/CORE/CORE-R6.srcs/sources_1/ip/cga_font_bold/cga_font_bold.xci] -directory /home/tony/Source/mega65/sharp-mz-mega65/CORE/CORE-R6.ip_user_files/sim_scripts -ip_user_files_dir /home/tony/Source/mega65/sharp-mz-mega65/CORE/CORE-R6.ip_user_files -ipstatic_source_dir /home/tony/Source/mega65/sharp-mz-mega65/CORE/CORE-R6.ip_user_files/ipstatic -lib_map_path [list {modelsim=/home/tony/Source/mega65/sharp-mz-mega65/CORE/CORE-R6.cache/compile_simlib/modelsim} {questa=/home/tony/Source/mega65/sharp-mz-mega65/CORE/CORE-R6.cache/compile_simlib/questa} {xcelium=/home/tony/Source/mega65/sharp-mz-mega65/CORE/CORE-R6.cache/compile_simlib/xcelium} {vcs=/home/tony/Source/mega65/sharp-mz-mega65/CORE/CORE-R6.cache/compile_simlib/vcs} {riviera=/home/tony/Source/mega65/sharp-mz-mega65/CORE/CORE-R6.cache/compile_simlib/riviera}] -use_ip_compiled_libs -force -quiet
WARNING: [IP_Flow 19-4067] Ignoring invalid widget type specified checkbox.Providing a default widget
WARNING: [IP_Flow 19-4067] Ignoring invalid widget type specified checkbox.Providing a default widget
create_ip -name blk_mem_gen -vendor xilinx.com -library ip -version 8.4 -module_name dp_ram_2k
set_property -dict [list \
  CONFIG.Algorithm {Minimum_Area} \
  CONFIG.Assume_Synchronous_Clk {true} \
  CONFIG.Enable_A {Always_Enabled} \
  CONFIG.Memory_Type {True_Dual_Port_RAM} \
  CONFIG.Operating_Mode_A {READ_FIRST} \
  CONFIG.Operating_Mode_B {READ_FIRST} \
  CONFIG.Register_PortA_Output_of_Memory_Primitives {true} \
  CONFIG.Write_Depth_A {2048} \
  CONFIG.Write_Width_A {8} \
] [get_ips dp_ram_2k]
generate_target {instantiation_template} [get_files /home/tony/Source/mega65/sharp-mz-mega65/CORE/CORE-R6.srcs/sources_1/ip/dp_ram_2k/dp_ram_2k.xci]
INFO: [IP_Flow 19-1686] Generating 'Instantiation Template' target for IP 'dp_ram_2k'...
update_compile_order -fileset sources_1
generate_target all [get_files  /home/tony/Source/mega65/sharp-mz-mega65/CORE/CORE-R6.srcs/sources_1/ip/dp_ram_2k/dp_ram_2k.xci]
INFO: [IP_Flow 19-1686] Generating 'Synthesis' target for IP 'dp_ram_2k'...
INFO: [IP_Flow 19-1686] Generating 'Simulation' target for IP 'dp_ram_2k'...
INFO: [IP_Flow 19-1686] Generating 'Miscellaneous' target for IP 'dp_ram_2k'...
INFO: [IP_Flow 19-1686] Generating 'Change Log' target for IP 'dp_ram_2k'...
catch { config_ip_cache -export [get_ips -all dp_ram_2k] }
INFO: [IP_Flow 19-6924] IPCACHE: Running cache check for IP inst: dp_ram_2k
export_ip_user_files -of_objects [get_files /home/tony/Source/mega65/sharp-mz-mega65/CORE/CORE-R6.srcs/sources_1/ip/dp_ram_2k/dp_ram_2k.xci] -no_script -sync -force -quiet
INFO: [Vivado 12-23855] The given sub-design is auto disabled, no action will be taken: '/home/tony/Source/mega65/sharp-mz-mega65/CORE/CORE-R6.srcs/sources_1/ip/dp_ram_2k/dp_ram_2k.xci'
export_simulation -of_objects [get_files /home/tony/Source/mega65/sharp-mz-mega65/CORE/CORE-R6.srcs/sources_1/ip/dp_ram_2k/dp_ram_2k.xci] -directory /home/tony/Source/mega65/sharp-mz-mega65/CORE/CORE-R6.ip_user_files/sim_scripts -ip_user_files_dir /home/tony/Source/mega65/sharp-mz-mega65/CORE/CORE-R6.ip_user_files -ipstatic_source_dir /home/tony/Source/mega65/sharp-mz-mega65/CORE/CORE-R6.ip_user_files/ipstatic -lib_map_path [list {modelsim=/home/tony/Source/mega65/sharp-mz-mega65/CORE/CORE-R6.cache/compile_simlib/modelsim} {questa=/home/tony/Source/mega65/sharp-mz-mega65/CORE/CORE-R6.cache/compile_simlib/questa} {xcelium=/home/tony/Source/mega65/sharp-mz-mega65/CORE/CORE-R6.cache/compile_simlib/xcelium} {vcs=/home/tony/Source/mega65/sharp-mz-mega65/CORE/CORE-R6.cache/compile_simlib/vcs} {riviera=/home/tony/Source/mega65/sharp-mz-mega65/CORE/CORE-R6.cache/compile_simlib/riviera}] -use_ip_compiled_libs -force -quiet
WARNING: [IP_Flow 19-4067] Ignoring invalid widget type specified checkbox.Providing a default widget
WARNING: [IP_Flow 19-4067] Ignoring invalid widget type specified checkbox.Providing a default widget
can't use empty string as operand of "/"
can't use empty string as operand of "/"
can't use empty string as operand of "/"
can't use empty string as operand of "/"
can't use empty string as operand of "/"
can't use empty string as operand of "/"
create_ip -name blk_mem_gen -vendor xilinx.com -library ip -version 8.4 -module_name ram_64k
set_property -dict [list \
  CONFIG.Write_Depth_A {65536} \
  CONFIG.Write_Width_A {8} \
] [get_ips ram_64k]
generate_target {instantiation_template} [get_files /home/tony/Source/mega65/sharp-mz-mega65/CORE/CORE-R6.srcs/sources_1/ip/ram_64k/ram_64k.xci]
INFO: [IP_Flow 19-1686] Generating 'Instantiation Template' target for IP 'ram_64k'...
generate_target all [get_files  /home/tony/Source/mega65/sharp-mz-mega65/CORE/CORE-R6.srcs/sources_1/ip/ram_64k/ram_64k.xci]
INFO: [IP_Flow 19-1686] Generating 'Synthesis' target for IP 'ram_64k'...
INFO: [IP_Flow 19-1686] Generating 'Simulation' target for IP 'ram_64k'...
INFO: [IP_Flow 19-1686] Generating 'Miscellaneous' target for IP 'ram_64k'...
INFO: [IP_Flow 19-1686] Generating 'Change Log' target for IP 'ram_64k'...
catch { config_ip_cache -export [get_ips -all ram_64k] }
INFO: [IP_Flow 19-6924] IPCACHE: Running cache check for IP inst: ram_64k
export_ip_user_files -of_objects [get_files /home/tony/Source/mega65/sharp-mz-mega65/CORE/CORE-R6.srcs/sources_1/ip/ram_64k/ram_64k.xci] -no_script -sync -force -quiet
create_ip_run [get_files -of_objects [get_fileset sources_1] /home/tony/Source/mega65/sharp-mz-mega65/CORE/CORE-R6.srcs/sources_1/ip/ram_64k/ram_64k.xci]
launch_runs ram_64k_synth_1 -jobs 16
INFO: [IP_Flow 19-6924] IPCACHE: Running cache check for IP inst: ram_64k
[Sat Aug 24 22:01:04 2024] Launched ram_64k_synth_1...
Run output will be captured here: /home/tony/Source/mega65/sharp-mz-mega65/CORE/CORE-R6.runs/ram_64k_synth_1/runme.log
export_simulation -of_objects [get_files /home/tony/Source/mega65/sharp-mz-mega65/CORE/CORE-R6.srcs/sources_1/ip/ram_64k/ram_64k.xci] -directory /home/tony/Source/mega65/sharp-mz-mega65/CORE/CORE-R6.ip_user_files/sim_scripts -ip_user_files_dir /home/tony/Source/mega65/sharp-mz-mega65/CORE/CORE-R6.ip_user_files -ipstatic_source_dir /home/tony/Source/mega65/sharp-mz-mega65/CORE/CORE-R6.ip_user_files/ipstatic -lib_map_path [list {modelsim=/home/tony/Source/mega65/sharp-mz-mega65/CORE/CORE-R6.cache/compile_simlib/modelsim} {questa=/home/tony/Source/mega65/sharp-mz-mega65/CORE/CORE-R6.cache/compile_simlib/questa} {xcelium=/home/tony/Source/mega65/sharp-mz-mega65/CORE/CORE-R6.cache/compile_simlib/xcelium} {vcs=/home/tony/Source/mega65/sharp-mz-mega65/CORE/CORE-R6.cache/compile_simlib/vcs} {riviera=/home/tony/Source/mega65/sharp-mz-mega65/CORE/CORE-R6.cache/compile_simlib/riviera}] -use_ip_compiled_libs -force -quiet
WARNING: [IP_Flow 19-4067] Ignoring invalid widget type specified checkbox.Providing a default widget
WARNING: [IP_Flow 19-4067] Ignoring invalid widget type specified checkbox.Providing a default widget
set_property CONFIG.Enable_B {Always_Enabled} [get_ips dp_ram_2k]
generate_target all [get_files  /home/tony/Source/mega65/sharp-mz-mega65/CORE/CORE-R6.srcs/sources_1/ip/dp_ram_2k/dp_ram_2k.xci]
INFO: [IP_Flow 19-1686] Generating 'Instantiation Template' target for IP 'dp_ram_2k'...
INFO: [IP_Flow 19-1686] Generating 'Synthesis' target for IP 'dp_ram_2k'...
INFO: [IP_Flow 19-1686] Generating 'Simulation' target for IP 'dp_ram_2k'...
INFO: [IP_Flow 19-1686] Generating 'Miscellaneous' target for IP 'dp_ram_2k'...
INFO: [IP_Flow 19-1686] Generating 'Change Log' target for IP 'dp_ram_2k'...
catch { config_ip_cache -export [get_ips -all dp_ram_2k] }
INFO: [IP_Flow 19-6924] IPCACHE: Running cache check for IP inst: dp_ram_2k
export_ip_user_files -of_objects [get_files /home/tony/Source/mega65/sharp-mz-mega65/CORE/CORE-R6.srcs/sources_1/ip/dp_ram_2k/dp_ram_2k.xci] -no_script -sync -force -quiet
INFO: [Vivado 12-23855] The given sub-design is auto disabled, no action will be taken: '/home/tony/Source/mega65/sharp-mz-mega65/CORE/CORE-R6.srcs/sources_1/ip/dp_ram_2k/dp_ram_2k.xci'
export_simulation -of_objects [get_files /home/tony/Source/mega65/sharp-mz-mega65/CORE/CORE-R6.srcs/sources_1/ip/dp_ram_2k/dp_ram_2k.xci] -directory /home/tony/Source/mega65/sharp-mz-mega65/CORE/CORE-R6.ip_user_files/sim_scripts -ip_user_files_dir /home/tony/Source/mega65/sharp-mz-mega65/CORE/CORE-R6.ip_user_files -ipstatic_source_dir /home/tony/Source/mega65/sharp-mz-mega65/CORE/CORE-R6.ip_user_files/ipstatic -lib_map_path [list {modelsim=/home/tony/Source/mega65/sharp-mz-mega65/CORE/CORE-R6.cache/compile_simlib/modelsim} {questa=/home/tony/Source/mega65/sharp-mz-mega65/CORE/CORE-R6.cache/compile_simlib/questa} {xcelium=/home/tony/Source/mega65/sharp-mz-mega65/CORE/CORE-R6.cache/compile_simlib/xcelium} {vcs=/home/tony/Source/mega65/sharp-mz-mega65/CORE/CORE-R6.cache/compile_simlib/vcs} {riviera=/home/tony/Source/mega65/sharp-mz-mega65/CORE/CORE-R6.cache/compile_simlib/riviera}] -use_ip_compiled_libs -force -quiet
set_property file_type {VHDL 2008} [get_files  /home/tony/Source/mega65/sharp-mz-mega65/CORE/vhdl/TERMINAL/SBCTextDisplayRGB.vhd]
set_property file_type {VHDL 2008} [get_files  /home/tony/Source/mega65/sharp-mz-mega65/CORE/vhdl/Microcomputer/Microcomputer.vhd]
WARNING: [filemgmt 56-199] Attempt to get parsing info during refresh. "On-the-fly" syntax checking information may be incorrect. [/home/tony/Source/mega65/sharp-mz-mega65/CORE/vhdl/Microcomputer/Microcomputer.vhd:]
WARNING: [filemgmt 56-199] Attempt to get parsing info during refresh. "On-the-fly" syntax checking information may be incorrect. [/home/tony/Source/mega65/sharp-mz-mega65/CORE/vhdl/TERMINAL/SBCTextDisplayRGB.vhd:]
WARNING: [filemgmt 56-199] Attempt to get parsing info during refresh. "On-the-fly" syntax checking information may be incorrect. [/home/tony/Source/mega65/sharp-mz-mega65/CORE/vhdl/Microcomputer/Microcomputer.vhd:]
WARNING: [filemgmt 56-199] Attempt to get parsing info during refresh. "On-the-fly" syntax checking information may be incorrect. [/home/tony/Source/mega65/sharp-mz-mega65/CORE/vhdl/Microcomputer/Microcomputer.vhd:]
WARNING: [filemgmt 56-199] Attempt to get parsing info during refresh. "On-the-fly" syntax checking information may be incorrect. [/home/tony/Source/mega65/sharp-mz-mega65/CORE/vhdl/TERMINAL/SBCTextDisplayRGB.vhd:]
WARNING: [filemgmt 56-199] Attempt to get parsing info during refresh. "On-the-fly" syntax checking information may be incorrect. [/home/tony/Source/mega65/sharp-mz-mega65/CORE/vhdl/UART/bufferedUART.vhd:]
WARNING: [filemgmt 56-199] Attempt to get parsing info during refresh. "On-the-fly" syntax checking information may be incorrect. [/home/tony/Source/mega65/sharp-mz-mega65/CORE/vhdl/UART/bufferedUART.vhd:]
WARNING: [filemgmt 56-199] Attempt to get parsing info during refresh. "On-the-fly" syntax checking information may be incorrect. [/home/tony/Source/mega65/sharp-mz-mega65/CORE/vhdl/UART/bufferedUART.vhd:]
WARNING: [filemgmt 56-199] Attempt to get parsing info during refresh. "On-the-fly" syntax checking information may be incorrect. [/home/tony/Source/mega65/sharp-mz-mega65/CORE/vhdl/TERMINAL/SBCTextDisplayRGB.vhd:]
WARNING: [filemgmt 56-199] Attempt to get parsing info during refresh. "On-the-fly" syntax checking information may be incorrect. [/home/tony/Source/mega65/sharp-mz-mega65/CORE/vhdl/UART/bufferedUART.vhd:]
WARNING: [filemgmt 56-199] Attempt to get parsing info during refresh. "On-the-fly" syntax checking information may be incorrect. [/home/tony/Source/mega65/sharp-mz-mega65/CORE/vhdl/UART/bufferedUART.vhd:]
WARNING: [filemgmt 56-199] Attempt to get parsing info during refresh. "On-the-fly" syntax checking information may be incorrect. [/home/tony/Source/mega65/sharp-mz-mega65/CORE/vhdl/UART/bufferedUART.vhd:]
WARNING: [filemgmt 56-199] Attempt to get parsing info during refresh. "On-the-fly" syntax checking information may be incorrect. [/home/tony/Source/mega65/sharp-mz-mega65/CORE/vhdl/Microcomputer/Microcomputer.vhd:]
WARNING: [filemgmt 56-199] Attempt to get parsing info during refresh. "On-the-fly" syntax checking information may be incorrect. [/home/tony/Source/mega65/sharp-mz-mega65/CORE/vhdl/TERMINAL/SBCTextDisplayRGB.vhd:]
WARNING: [filemgmt 56-199] Attempt to get parsing info during refresh. "On-the-fly" syntax checking information may be incorrect. [/home/tony/Source/mega65/sharp-mz-mega65/CORE/vhdl/UART/bufferedUART.vhd:]
WARNING: [filemgmt 56-199] Attempt to get parsing info during refresh. "On-the-fly" syntax checking information may be incorrect. [/home/tony/Source/mega65/sharp-mz-mega65/CORE/vhdl/UART/bufferedUART.vhd:]
WARNING: [filemgmt 56-199] Attempt to get parsing info during refresh. "On-the-fly" syntax checking information may be incorrect. [/home/tony/Source/mega65/sharp-mz-mega65/CORE/vhdl/UART/bufferedUART.vhd:]
WARNING: [filemgmt 56-199] Attempt to get parsing info during refresh. "On-the-fly" syntax checking information may be incorrect. [/home/tony/Source/mega65/sharp-mz-mega65/CORE/vhdl/Microcomputer/Microcomputer.vhd:]
WARNING: [filemgmt 56-199] Attempt to get parsing info during refresh. "On-the-fly" syntax checking information may be incorrect. [/home/tony/Source/mega65/sharp-mz-mega65/CORE/vhdl/TERMINAL/SBCTextDisplayRGB.vhd:]
WARNING: [filemgmt 56-199] Attempt to get parsing info during refresh. "On-the-fly" syntax checking information may be incorrect. [/home/tony/Source/mega65/sharp-mz-mega65/CORE/vhdl/UART/bufferedUART.vhd:]
WARNING: [filemgmt 56-199] Attempt to get parsing info during refresh. "On-the-fly" syntax checking information may be incorrect. [/home/tony/Source/mega65/sharp-mz-mega65/CORE/vhdl/Microcomputer/Microcomputer.vhd:]
WARNING: [filemgmt 56-199] Attempt to get parsing info during refresh. "On-the-fly" syntax checking information may be incorrect. [/home/tony/Source/mega65/sharp-mz-mega65/CORE/vhdl/Microcomputer/Microcomputer.vhd:]
WARNING: [filemgmt 56-199] Attempt to get parsing info during refresh. "On-the-fly" syntax checking information may be incorrect. [/home/tony/Source/mega65/sharp-mz-mega65/CORE/vhdl/Microcomputer/Microcomputer.vhd:]
WARNING: [filemgmt 56-199] Attempt to get parsing info during refresh. "On-the-fly" syntax checking information may be incorrect. [/home/tony/Source/mega65/sharp-mz-mega65/CORE/vhdl/TERMINAL/SBCTextDisplayRGB.vhd:]
WARNING: [filemgmt 56-199] Attempt to get parsing info during refresh. "On-the-fly" syntax checking information may be incorrect. [/home/tony/Source/mega65/sharp-mz-mega65/CORE/vhdl/UART/bufferedUART.vhd:]
WARNING: [filemgmt 56-199] Attempt to get parsing info during refresh. "On-the-fly" syntax checking information may be incorrect. [/home/tony/Source/mega65/sharp-mz-mega65/CORE/vhdl/UART/bufferedUART.vhd:]
WARNING: [filemgmt 56-199] Attempt to get parsing info during refresh. "On-the-fly" syntax checking information may be incorrect. [/home/tony/Source/mega65/sharp-mz-mega65/CORE/vhdl/UART/bufferedUART.vhd:]
WARNING: [filemgmt 56-199] Attempt to get parsing info during refresh. "On-the-fly" syntax checking information may be incorrect. [/home/tony/Source/mega65/sharp-mz-mega65/CORE/vhdl/Microcomputer/Microcomputer.vhd:]
WARNING: [filemgmt 56-199] Attempt to get parsing info during refresh. "On-the-fly" syntax checking information may be incorrect. [/home/tony/Source/mega65/sharp-mz-mega65/CORE/vhdl/TERMINAL/SBCTextDisplayRGB.vhd:]
WARNING: [filemgmt 56-199] Attempt to get parsing info during refresh. "On-the-fly" syntax checking information may be incorrect. [/home/tony/Source/mega65/sharp-mz-mega65/CORE/vhdl/UART/bufferedUART.vhd:]
WARNING: [filemgmt 56-199] Attempt to get parsing info during refresh. "On-the-fly" syntax checking information may be incorrect. [/home/tony/Source/mega65/sharp-mz-mega65/CORE/vhdl/Microcomputer/Microcomputer.vhd:]
WARNING: [filemgmt 56-199] Attempt to get parsing info during refresh. "On-the-fly" syntax checking information may be incorrect. [/home/tony/Source/mega65/sharp-mz-mega65/CORE/vhdl/Microcomputer/Microcomputer.vhd:]
WARNING: [filemgmt 56-199] Attempt to get parsing info during refresh. "On-the-fly" syntax checking information may be incorrect. [/home/tony/Source/mega65/sharp-mz-mega65/CORE/vhdl/Microcomputer/Microcomputer.vhd:]
WARNING: [filemgmt 56-199] Attempt to get parsing info during refresh. "On-the-fly" syntax checking information may be incorrect. [/home/tony/Source/mega65/sharp-mz-mega65/CORE/vhdl/TERMINAL/SBCTextDisplayRGB.vhd:]
WARNING: [filemgmt 56-199] Attempt to get parsing info during refresh. "On-the-fly" syntax checking information may be incorrect. [/home/tony/Source/mega65/sharp-mz-mega65/CORE/vhdl/UART/bufferedUART.vhd:]
WARNING: [filemgmt 56-199] Attempt to get parsing info during refresh. "On-the-fly" syntax checking information may be incorrect. [/home/tony/Source/mega65/sharp-mz-mega65/CORE/vhdl/UART/bufferedUART.vhd:]
WARNING: [filemgmt 56-199] Attempt to get parsing info during refresh. "On-the-fly" syntax checking information may be incorrect. [/home/tony/Source/mega65/sharp-mz-mega65/CORE/vhdl/UART/bufferedUART.vhd:]
WARNING: [filemgmt 56-199] Attempt to get parsing info during refresh. "On-the-fly" syntax checking information may be incorrect. [/home/tony/Source/mega65/sharp-mz-mega65/CORE/vhdl/Microcomputer/Microcomputer.vhd:]
WARNING: [filemgmt 56-199] Attempt to get parsing info during refresh. "On-the-fly" syntax checking information may be incorrect. [/home/tony/Source/mega65/sharp-mz-mega65/CORE/vhdl/TERMINAL/SBCTextDisplayRGB.vhd:]
WARNING: [filemgmt 56-199] Attempt to get parsing info during refresh. "On-the-fly" syntax checking information may be incorrect. [/home/tony/Source/mega65/sharp-mz-mega65/CORE/vhdl/UART/bufferedUART.vhd:]
WARNING: [filemgmt 56-199] Attempt to get parsing info during refresh. "On-the-fly" syntax checking information may be incorrect. [/home/tony/Source/mega65/sharp-mz-mega65/CORE/vhdl/Microcomputer/Microcomputer.vhd:]
WARNING: [filemgmt 56-199] Attempt to get parsing info during refresh. "On-the-fly" syntax checking information may be incorrect. [/home/tony/Source/mega65/sharp-mz-mega65/CORE/vhdl/Microcomputer/Microcomputer.vhd:]
WARNING: [filemgmt 56-199] Attempt to get parsing info during refresh. "On-the-fly" syntax checking information may be incorrect. [/home/tony/Source/mega65/sharp-mz-mega65/CORE/vhdl/Microcomputer/Microcomputer.vhd:]
WARNING: [filemgmt 56-199] Attempt to get parsing info during refresh. "On-the-fly" syntax checking information may be incorrect. [/home/tony/Source/mega65/sharp-mz-mega65/CORE/vhdl/TERMINAL/SBCTextDisplayRGB.vhd:]
WARNING: [filemgmt 56-199] Attempt to get parsing info during refresh. "On-the-fly" syntax checking information may be incorrect. [/home/tony/Source/mega65/sharp-mz-mega65/CORE/vhdl/UART/bufferedUART.vhd:]
WARNING: [filemgmt 56-199] Attempt to get parsing info during refresh. "On-the-fly" syntax checking information may be incorrect. [/home/tony/Source/mega65/sharp-mz-mega65/CORE/vhdl/UART/bufferedUART.vhd:]
WARNING: [filemgmt 56-199] Attempt to get parsing info during refresh. "On-the-fly" syntax checking information may be incorrect. [/home/tony/Source/mega65/sharp-mz-mega65/CORE/vhdl/UART/bufferedUART.vhd:]
WARNING: [filemgmt 56-199] Attempt to get parsing info during refresh. "On-the-fly" syntax checking information may be incorrect. [/home/tony/Source/mega65/sharp-mz-mega65/CORE/vhdl/Microcomputer/Microcomputer.vhd:]
WARNING: [filemgmt 56-199] Attempt to get parsing info during refresh. "On-the-fly" syntax checking information may be incorrect. [/home/tony/Source/mega65/sharp-mz-mega65/CORE/vhdl/TERMINAL/SBCTextDisplayRGB.vhd:]
WARNING: [filemgmt 56-199] Attempt to get parsing info during refresh. "On-the-fly" syntax checking information may be incorrect. [/home/tony/Source/mega65/sharp-mz-mega65/CORE/vhdl/UART/bufferedUART.vhd:]
WARNING: [filemgmt 56-199] Attempt to get parsing info during refresh. "On-the-fly" syntax checking information may be incorrect. [/home/tony/Source/mega65/sharp-mz-mega65/CORE/vhdl/Microcomputer/Microcomputer.vhd:]
WARNING: [filemgmt 56-199] Attempt to get parsing info during refresh. "On-the-fly" syntax checking information may be incorrect. [/home/tony/Source/mega65/sharp-mz-mega65/CORE/vhdl/Microcomputer/Microcomputer.vhd:]
WARNING: [filemgmt 56-199] Attempt to get parsing info during refresh. "On-the-fly" syntax checking information may be incorrect. [/home/tony/Source/mega65/sharp-mz-mega65/CORE/vhdl/Microcomputer/Microcomputer.vhd:]
WARNING: [filemgmt 56-199] Attempt to get parsing info during refresh. "On-the-fly" syntax checking information may be incorrect. [/home/tony/Source/mega65/sharp-mz-mega65/CORE/vhdl/TERMINAL/SBCTextDisplayRGB.vhd:]
WARNING: [filemgmt 56-199] Attempt to get parsing info during refresh. "On-the-fly" syntax checking information may be incorrect. [/home/tony/Source/mega65/sharp-mz-mega65/CORE/vhdl/Microcomputer/Microcomputer.vhd:]
WARNING: [filemgmt 56-199] Attempt to get parsing info during refresh. "On-the-fly" syntax checking information may be incorrect. [/home/tony/Source/mega65/sharp-mz-mega65/CORE/vhdl/Microcomputer/Microcomputer.vhd:]
WARNING: [filemgmt 56-199] Attempt to get parsing info during refresh. "On-the-fly" syntax checking information may be incorrect. [/home/tony/Source/mega65/sharp-mz-mega65/CORE/vhdl/Microcomputer/Microcomputer.vhd:]
WARNING: [filemgmt 56-199] Attempt to get parsing info during refresh. "On-the-fly" syntax checking information may be incorrect. [/home/tony/Source/mega65/sharp-mz-mega65/CORE/vhdl/TERMINAL/SBCTextDisplayRGB.vhd:]
WARNING: [filemgmt 56-199] Attempt to get parsing info during refresh. "On-the-fly" syntax checking information may be incorrect. [/home/tony/Source/mega65/sharp-mz-mega65/CORE/vhdl/Microcomputer/Microcomputer.vhd:]
WARNING: [filemgmt 56-199] Attempt to get parsing info during refresh. "On-the-fly" syntax checking information may be incorrect. [/home/tony/Source/mega65/sharp-mz-mega65/CORE/vhdl/Microcomputer/Microcomputer.vhd:]
WARNING: [filemgmt 56-199] Attempt to get parsing info during refresh. "On-the-fly" syntax checking information may be incorrect. [/home/tony/Source/mega65/sharp-mz-mega65/CORE/vhdl/Microcomputer/Microcomputer.vhd:]
WARNING: [filemgmt 56-199] Attempt to get parsing info during refresh. "On-the-fly" syntax checking information may be incorrect. [/home/tony/Source/mega65/sharp-mz-mega65/CORE/vhdl/TERMINAL/SBCTextDisplayRGB.vhd:]
WARNING: [filemgmt 56-199] Attempt to get parsing info during refresh. "On-the-fly" syntax checking information may be incorrect. [/home/tony/Source/mega65/sharp-mz-mega65/CORE/vhdl/Microcomputer/Microcomputer.vhd:]
WARNING: [filemgmt 56-199] Attempt to get parsing info during refresh. "On-the-fly" syntax checking information may be incorrect. [/home/tony/Source/mega65/sharp-mz-mega65/CORE/vhdl/Microcomputer/Microcomputer.vhd:]
reset_run synth_1
launch_runs synth_1 -jobs 16
[Sat Aug 24 22:36:57 2024] Launched synth_1...
Run output will be captured here: /home/tony/Source/mega65/sharp-mz-mega65/CORE/CORE-R6.runs/synth_1/runme.log
WARNING: [filemgmt 56-199] Attempt to get parsing info during refresh. "On-the-fly" syntax checking information may be incorrect. [/home/tony/Source/mega65/sharp-mz-mega65/CORE/vhdl/Microcomputer/Microcomputer.vhd:]
WARNING: [filemgmt 56-199] Attempt to get parsing info during refresh. "On-the-fly" syntax checking information may be incorrect. [/home/tony/Source/mega65/sharp-mz-mega65/CORE/vhdl/TERMINAL/SBCTextDisplayRGB.vhd:]
WARNING: [filemgmt 56-199] Attempt to get parsing info during refresh. "On-the-fly" syntax checking information may be incorrect. [/home/tony/Source/mega65/sharp-mz-mega65/CORE/vhdl/Microcomputer/Microcomputer.vhd:]
WARNING: [filemgmt 56-199] Attempt to get parsing info during refresh. "On-the-fly" syntax checking information may be incorrect. [/home/tony/Source/mega65/sharp-mz-mega65/CORE/vhdl/Microcomputer/Microcomputer.vhd:]
update_compile_order -fileset sources_1
WARNING: [filemgmt 56-199] Attempt to get parsing info during refresh. "On-the-fly" syntax checking information may be incorrect. [/home/tony/Source/mega65/sharp-mz-mega65/CORE/vhdl/Microcomputer/Microcomputer.vhd:]
WARNING: [filemgmt 56-199] Attempt to get parsing info during refresh. "On-the-fly" syntax checking information may be incorrect. [/home/tony/Source/mega65/sharp-mz-mega65/CORE/vhdl/TERMINAL/SBCTextDisplayRGB.vhd:]
WARNING: [filemgmt 56-199] Attempt to get parsing info during refresh. "On-the-fly" syntax checking information may be incorrect. [/home/tony/Source/mega65/sharp-mz-mega65/CORE/vhdl/Microcomputer/Microcomputer.vhd:]
WARNING: [filemgmt 56-199] Attempt to get parsing info during refresh. "On-the-fly" syntax checking information may be incorrect. [/home/tony/Source/mega65/sharp-mz-mega65/CORE/vhdl/Microcomputer/Microcomputer.vhd:]
reset_run synth_1
launch_runs synth_1 -jobs 16
INFO: [IP_Flow 19-6924] IPCACHE: Running cache check for IP inst: dp_ram_2k
INFO: [IP_Flow 19-6924] IPCACHE: Running cache check for IP inst: cga_font_bold
INFO: [IP_Flow 19-6924] IPCACHE: Running cache check for IP inst: z80_basic_rom
[Sat Aug 24 22:47:01 2024] Launched cga_font_bold_synth_1, dp_ram_2k_synth_1, z80_basic_rom_synth_1...
Run output will be captured here:
cga_font_bold_synth_1: /home/tony/Source/mega65/sharp-mz-mega65/CORE/CORE-R6.runs/cga_font_bold_synth_1/runme.log
dp_ram_2k_synth_1: /home/tony/Source/mega65/sharp-mz-mega65/CORE/CORE-R6.runs/dp_ram_2k_synth_1/runme.log
z80_basic_rom_synth_1: /home/tony/Source/mega65/sharp-mz-mega65/CORE/CORE-R6.runs/z80_basic_rom_synth_1/runme.log
[Sat Aug 24 22:47:01 2024] Launched synth_1...
Run output will be captured here: /home/tony/Source/mega65/sharp-mz-mega65/CORE/CORE-R6.runs/synth_1/runme.log
WARNING: [filemgmt 56-199] Attempt to get parsing info during refresh. "On-the-fly" syntax checking information may be incorrect. [/home/tony/Source/mega65/sharp-mz-mega65/CORE/vhdl/Microcomputer/Microcomputer.vhd:]
WARNING: [filemgmt 56-199] Attempt to get parsing info during refresh. "On-the-fly" syntax checking information may be incorrect. [/home/tony/Source/mega65/sharp-mz-mega65/CORE/vhdl/TERMINAL/SBCTextDisplayRGB.vhd:]
WARNING: [filemgmt 56-199] Attempt to get parsing info during refresh. "On-the-fly" syntax checking information may be incorrect. [/home/tony/Source/mega65/sharp-mz-mega65/CORE/vhdl/Microcomputer/Microcomputer.vhd:]
WARNING: [filemgmt 56-199] Attempt to get parsing info during refresh. "On-the-fly" syntax checking information may be incorrect. [/home/tony/Source/mega65/sharp-mz-mega65/CORE/vhdl/Microcomputer/Microcomputer.vhd:]
WARNING: [filemgmt 56-199] Attempt to get parsing info during refresh. "On-the-fly" syntax checking information may be incorrect. [/home/tony/Source/mega65/sharp-mz-mega65/CORE/vhdl/Microcomputer/Microcomputer.vhd:]
WARNING: [filemgmt 56-199] Attempt to get parsing info during refresh. "On-the-fly" syntax checking information may be incorrect. [/home/tony/Source/mega65/sharp-mz-mega65/CORE/vhdl/TERMINAL/SBCTextDisplayRGB.vhd:]
WARNING: [filemgmt 56-199] Attempt to get parsing info during refresh. "On-the-fly" syntax checking information may be incorrect. [/home/tony/Source/mega65/sharp-mz-mega65/CORE/vhdl/Microcomputer/Microcomputer.vhd:]
WARNING: [filemgmt 56-199] Attempt to get parsing info during refresh. "On-the-fly" syntax checking information may be incorrect. [/home/tony/Source/mega65/sharp-mz-mega65/CORE/vhdl/Microcomputer/Microcomputer.vhd:]
WARNING: [filemgmt 56-199] Attempt to get parsing info during refresh. "On-the-fly" syntax checking information may be incorrect. [/home/tony/Source/mega65/sharp-mz-mega65/CORE/vhdl/Microcomputer/Microcomputer.vhd:]
WARNING: [filemgmt 56-199] Attempt to get parsing info during refresh. "On-the-fly" syntax checking information may be incorrect. [/home/tony/Source/mega65/sharp-mz-mega65/CORE/vhdl/TERMINAL/SBCTextDisplayRGB.vhd:]
WARNING: [filemgmt 56-199] Attempt to get parsing info during refresh. "On-the-fly" syntax checking information may be incorrect. [/home/tony/Source/mega65/sharp-mz-mega65/CORE/vhdl/Microcomputer/Microcomputer.vhd:]
WARNING: [filemgmt 56-199] Attempt to get parsing info during refresh. "On-the-fly" syntax checking information may be incorrect. [/home/tony/Source/mega65/sharp-mz-mega65/CORE/vhdl/Microcomputer/Microcomputer.vhd:]
WARNING: [filemgmt 56-199] Attempt to get parsing info during refresh. "On-the-fly" syntax checking information may be incorrect. [/home/tony/Source/mega65/sharp-mz-mega65/CORE/vhdl/Microcomputer/Microcomputer.vhd:]
WARNING: [filemgmt 56-199] Attempt to get parsing info during refresh. "On-the-fly" syntax checking information may be incorrect. [/home/tony/Source/mega65/sharp-mz-mega65/CORE/vhdl/TERMINAL/SBCTextDisplayRGB.vhd:]
WARNING: [filemgmt 56-199] Attempt to get parsing info during refresh. "On-the-fly" syntax checking information may be incorrect. [/home/tony/Source/mega65/sharp-mz-mega65/CORE/vhdl/TERMINAL/SBCTextDisplayRGB.vhd:]
WARNING: [filemgmt 56-199] Attempt to get parsing info during refresh. "On-the-fly" syntax checking information may be incorrect. [/home/tony/Source/mega65/sharp-mz-mega65/CORE/vhdl/TERMINAL/SBCTextDisplayRGB.vhd:]
reset_run synth_1
launch_runs synth_1 -jobs 16
[Sat Aug 24 22:48:47 2024] Launched synth_1...
Run output will be captured here: /home/tony/Source/mega65/sharp-mz-mega65/CORE/CORE-R6.runs/synth_1/runme.log
launch_runs impl_1 -jobs 16
[Sat Aug 24 22:51:22 2024] Launched impl_1...
Run output will be captured here: /home/tony/Source/mega65/sharp-mz-mega65/CORE/CORE-R6.runs/impl_1/runme.log
launch_runs impl_1 -to_step write_bitstream -jobs 16
[Sat Aug 24 22:53:13 2024] Launched impl_1...
Run output will be captured here: /home/tony/Source/mega65/sharp-mz-mega65/CORE/CORE-R6.runs/impl_1/runme.log
exit
INFO: [Common 17-206] Exiting Vivado at Sat Aug 24 22:56:57 2024...
